This is pdfTeX, Version 3.141592653-2.6-1.40.24 (TeX Live 2022) (preloaded format=pdflatex 2022.8.8)  19 FEB 2023 21:19
entering extended mode
 restricted \write18 enabled.
 %&-line parsing enabled.
**refman
(./refman.tex
LaTeX2e <2022-06-01> patch level 5
L3 programming layer <2022-08-05>
(/usr/local/texlive/2022/texmf-dist/tex/latex/base/book.cls
Document Class: book 2021/10/04 v1.4n Standard LaTeX document class
(/usr/local/texlive/2022/texmf-dist/tex/latex/base/bk10.clo
File: bk10.clo 2021/10/04 v1.4n Standard LaTeX file (size option)
)
\c@part=\count185
\c@chapter=\count186
\c@section=\count187
\c@subsection=\count188
\c@subsubsection=\count189
\c@paragraph=\count190
\c@subparagraph=\count191
\c@figure=\count192
\c@table=\count193
\abovecaptionskip=\skip47
\belowcaptionskip=\skip48
\bibindent=\dimen138
)
(/usr/local/texlive/2022/texmf-dist/tex/latex/base/ifthen.sty
Package: ifthen 2022/04/13 v1.1d Standard LaTeX ifthen package (DPC)
)
(/usr/local/texlive/2022/texmf-dist/tex/latex/tools/array.sty
Rollback for package 'array' requested -> date 2016-10-06.
         Best approximation is the release introduced on 2016-10-06.

(/usr/local/texlive/2022/texmf-dist/tex/latex/tools/array-2016-10-06.sty
Package: array 2016/10/06 v2.4d Tabular extension package (FMi)
\col@sep=\dimen139
\extrarowheight=\dimen140
\NC@list=\toks16
\extratabsurround=\skip49
\backup@length=\skip50
))
(/usr/local/texlive/2022/texmf-dist/tex/latex/base/fixltx2e.sty
Package: fixltx2e 2016/12/29 v2.1a fixes to LaTeX (obsolete)
Applying: [2015/01/01] Old fixltx2e package on input line 46.


Package fixltx2e Warning: fixltx2e is not required with releases after 2015
(fixltx2e)                All fixes are now in the LaTeX kernel.
(fixltx2e)                See the latexrelease package for details.

Already applied: [0000/00/00] Old fixltx2e package on input line 53.
) (./doxygen.sty
Package: doxygen 
 (/usr/local/texlive/2022/texmf-dist/tex/latex/base/alltt.sty
Package: alltt 2021/01/29 v2.0g defines alltt environment
)
(/usr/local/texlive/2022/texmf-dist/tex/latex/tools/calc.sty
Package: calc 2017/05/25 v4.3 Infix arithmetic (KKT,FJ)
\calc@Acount=\count194
\calc@Bcount=\count195
\calc@Adimen=\dimen141
\calc@Bdimen=\dimen142
\calc@Askip=\skip51
\calc@Bskip=\skip52
LaTeX Info: Redefining \setlength on input line 80.
LaTeX Info: Redefining \addtolength on input line 81.
\calc@Ccount=\count196
\calc@Cskip=\skip53
)
(/usr/local/texlive/2022/texmf-dist/tex/latex/float/float.sty
Package: float 2001/11/08 v1.3d Float enhancements (AL)
\c@float@type=\count197
\float@exts=\toks17
\float@box=\box51
\@float@everytoks=\toks18
\@floatcapt=\box52
)
(/usr/local/texlive/2022/texmf-dist/tex/latex/tools/verbatim.sty
Package: verbatim 2020-07-07 v1.5u LaTeX2e package for verbatim enhancements
\every@verbatim=\toks19
\verbatim@line=\toks20
\verbatim@in@stream=\read2
)
(/usr/local/texlive/2022/texmf-dist/tex/latex/xcolor/xcolor.sty
Package: xcolor 2022/06/12 v2.14 LaTeX color extensions (UK)

(/usr/local/texlive/2022/texmf-dist/tex/latex/graphics-cfg/color.cfg
File: color.cfg 2016/01/02 v1.6 sample color configuration
)
Package xcolor Info: Driver file: pdftex.def on input line 227.

(/usr/local/texlive/2022/texmf-dist/tex/latex/graphics-def/pdftex.def
File: pdftex.def 2020/10/05 v1.2a Graphics/color driver for pdftex
)
(/usr/local/texlive/2022/texmf-dist/tex/latex/colortbl/colortbl.sty
Package: colortbl 2022/06/20 v1.0f Color table columns (DPC)
\everycr=\toks21
\minrowclearance=\skip54
\rownum=\count198
)
(/usr/local/texlive/2022/texmf-dist/tex/latex/graphics/mathcolor.ltx)
Package xcolor Info: Model `cmy' substituted by `cmy0' on input line 1353.
Package xcolor Info: Model `hsb' substituted by `rgb' on input line 1357.
Package xcolor Info: Model `RGB' extended on input line 1369.
Package xcolor Info: Model `HTML' substituted by `rgb' on input line 1371.
Package xcolor Info: Model `Hsb' substituted by `hsb' on input line 1372.
Package xcolor Info: Model `tHsb' substituted by `hsb' on input line 1373.
Package xcolor Info: Model `HSB' substituted by `hsb' on input line 1374.
Package xcolor Info: Model `Gray' substituted by `gray' on input line 1375.
Package xcolor Info: Model `wave' substituted by `hsb' on input line 1376.
)
(./longtable_doxygen.sty
Package: longtable_doxygen 2014/10/28 v4.11 Multi-page Table package (DPC) - fr
ozen version for doxygen
\LTleft=\skip55
\LTright=\skip56
\LTpre=\skip57
\LTpost=\skip58
\LTchunksize=\count199
\LTcapwidth=\dimen143
\LT@head=\box53
\LT@firsthead=\box54
\LT@foot=\box55
\LT@lastfoot=\box56
\LT@cols=\count266
\LT@rows=\count267
\c@LT@tables=\count268
\c@LT@chunks=\count269
\LT@p@ftn=\toks22
) (./tabu_doxygen.sty
Package: tabu_doxygen 2011/02/26 v2.8 - flexible LaTeX tabulars (FC), frozen ve
rsion for doxygen

(/usr/local/texlive/2022/texmf-dist/tex/latex/varwidth/varwidth.sty
Package: varwidth 2009/03/30 ver 0.92;  Variable-width minipages
\@vwid@box=\box57
\sift@deathcycles=\count270
\@vwid@loff=\dimen144
\@vwid@roff=\dimen145
)
\c@taburow=\count271
\tabu@nbcols=\count272
\tabu@cnt=\count273
\tabu@Xcol=\count274
\tabu@alloc=\count275
\tabu@nested=\count276
\tabu@target=\dimen146
\tabu@spreadtarget=\dimen147
\tabu@naturalX=\dimen148
\tabucolX=\dimen149
\tabu@Xsum=\dimen150
\extrarowdepth=\dimen151
\abovetabulinesep=\dimen152
\belowtabulinesep=\dimen153
\tabustrutrule=\dimen154
\tabu@thebody=\toks23
\tabu@footnotes=\toks24
\tabu@box=\box58
\tabu@arstrutbox=\box59
\tabu@hleads=\box60
\tabu@vleads=\box61
\tabu@cellskip=\skip59
)
(/usr/local/texlive/2022/texmf-dist/tex/latex/fancyvrb/fancyvrb.sty
Package: fancyvrb 2022/06/06 4.5 verbatim text (tvz,hv)

(/usr/local/texlive/2022/texmf-dist/tex/latex/graphics/keyval.sty
Package: keyval 2022/05/29 v1.15 key=value parser (DPC)
\KV@toks@=\toks25
)
\FV@CodeLineNo=\count277
\FV@InFile=\read3
\FV@TabBox=\box62
\c@FancyVerbLine=\count278
\FV@StepNumber=\count279
\FV@OutFile=\write3
)
(/usr/local/texlive/2022/texmf-dist/tex/latex/tools/tabularx.sty
Package: tabularx 2020/01/15 v2.11c `tabularx' package (DPC)
\TX@col@width=\dimen155
\TX@old@table=\dimen156
\TX@old@col=\dimen157
\TX@target=\dimen158
\TX@delta=\dimen159
\TX@cols=\count280
\TX@ftn=\toks26
)
(/usr/local/texlive/2022/texmf-dist/tex/latex/tools/multicol.sty
Package: multicol 2021/11/30 v1.9d multicolumn formatting (FMi)
\c@tracingmulticols=\count281
\mult@box=\box63
\multicol@leftmargin=\dimen160
\c@unbalance=\count282
\c@collectmore=\count283
\doublecol@number=\count284
\multicoltolerance=\count285
\multicolpretolerance=\count286
\full@width=\dimen161
\page@free=\dimen162
\premulticols=\dimen163
\postmulticols=\dimen164
\multicolsep=\skip60
\multicolbaselineskip=\skip61
\partial@page=\box64
\last@line=\box65
\maxbalancingoverflow=\dimen165
\mult@rightbox=\box66
\mult@grightbox=\box67
\mult@firstbox=\box68
\mult@gfirstbox=\box69
\@tempa=\box70
\@tempa=\box71
\@tempa=\box72
\@tempa=\box73
\@tempa=\box74
\@tempa=\box75
\@tempa=\box76
\@tempa=\box77
\@tempa=\box78
\@tempa=\box79
\@tempa=\box80
\@tempa=\box81
\@tempa=\box82
\@tempa=\box83
\@tempa=\box84
\@tempa=\box85
\@tempa=\box86
\@tempa=\box87
\@tempa=\box88
\@tempa=\box89
\@tempa=\box90
\@tempa=\box91
\@tempa=\box92
\@tempa=\box93
\@tempa=\box94
\@tempa=\box95
\@tempa=\box96
\@tempa=\box97
\@tempa=\box98
\@tempa=\box99
\@tempa=\box100
\@tempa=\box101
\@tempa=\box102
\@tempa=\box103
\@tempa=\box104
\@tempa=\box105
\c@minrows=\count287
\c@columnbadness=\count288
\c@finalcolumnbadness=\count289
\last@try=\dimen166
\multicolovershoot=\dimen167
\multicolundershoot=\dimen168
\mult@nat@firstbox=\box106
\colbreak@box=\box107
\mc@col@check@num=\count290
)
(/usr/local/texlive/2022/texmf-dist/tex/latex/multirow/multirow.sty
Package: multirow 2021/03/15 v2.8 Span multiple rows of a table
\multirow@colwidth=\skip62
\multirow@cntb=\count291
\multirow@dima=\skip63
\bigstrutjot=\dimen169
)
(/usr/local/texlive/2022/texmf-dist/tex/latex/hanging/hanging.sty
Package: hanging 2009/09/02 v1.2b hanging paragraphs and punctuation
\h@ngcommawd=\skip64
\h@ngfstopwd=\skip65
\h@ngquotewd=\skip66
\h@ngdquotewd=\skip67
\h@ngquerywd=\skip68
\h@ngexclwd=\skip69
\h@ngcolonwd=\skip70
\h@ngscolonwd=\skip71
)
(/usr/local/texlive/2022/texmf-dist/tex/generic/iftex/ifpdf.sty
Package: ifpdf 2019/10/25 v3.4 ifpdf legacy package. Use iftex instead.

(/usr/local/texlive/2022/texmf-dist/tex/generic/iftex/iftex.sty
Package: iftex 2022/02/03 v1.0f TeX engine tests
))
(/usr/local/texlive/2022/texmf-dist/tex/latex/adjustbox/adjustbox.sty
Package: adjustbox 2020/08/19 v1.3 Adjusting TeX boxes (trim, clip, ...)

(/usr/local/texlive/2022/texmf-dist/tex/latex/xkeyval/xkeyval.sty
Package: xkeyval 2022/06/16 v2.9 package option processing (HA)

(/usr/local/texlive/2022/texmf-dist/tex/generic/xkeyval/xkeyval.tex
(/usr/local/texlive/2022/texmf-dist/tex/generic/xkeyval/xkvutils.tex
\XKV@toks=\toks27
\XKV@tempa@toks=\toks28
)
\XKV@depth=\count292
File: xkeyval.tex 2014/12/03 v2.7a key=value parser (HA)
))
(/usr/local/texlive/2022/texmf-dist/tex/latex/adjustbox/adjcalc.sty
Package: adjcalc 2012/05/16 v1.1 Provides advanced setlength with multiple back
-ends (calc, etex, pgfmath)
)
(/usr/local/texlive/2022/texmf-dist/tex/latex/adjustbox/trimclip.sty
Package: trimclip 2020/08/19 v1.2 Trim and clip general TeX material

(/usr/local/texlive/2022/texmf-dist/tex/latex/graphics/graphicx.sty
Package: graphicx 2021/09/16 v1.2d Enhanced LaTeX Graphics (DPC,SPQR)

(/usr/local/texlive/2022/texmf-dist/tex/latex/graphics/graphics.sty
Package: graphics 2022/03/10 v1.4e Standard LaTeX Graphics (DPC,SPQR)

(/usr/local/texlive/2022/texmf-dist/tex/latex/graphics/trig.sty
Package: trig 2021/08/11 v1.11 sin cos tan (DPC)
)
(/usr/local/texlive/2022/texmf-dist/tex/latex/graphics-cfg/graphics.cfg
File: graphics.cfg 2016/06/04 v1.11 sample graphics configuration
)
Package graphics Info: Driver file: pdftex.def on input line 107.
)
\Gin@req@height=\dimen170
\Gin@req@width=\dimen171
)
(/usr/local/texlive/2022/texmf-dist/tex/latex/collectbox/collectbox.sty
Package: collectbox 2012/05/17 v0.4b Collect macro arguments as boxes
\collectedbox=\box108
)
\tc@llx=\dimen172
\tc@lly=\dimen173
\tc@urx=\dimen174
\tc@ury=\dimen175
Package trimclip Info: Using driver 'tc-pdftex.def'.

(/usr/local/texlive/2022/texmf-dist/tex/latex/adjustbox/tc-pdftex.def
File: tc-pdftex.def 2019/01/04 v2.2 Clipping driver for pdftex
))
\adjbox@Width=\dimen176
\adjbox@Height=\dimen177
\adjbox@Depth=\dimen178
\adjbox@Totalheight=\dimen179
\adjbox@pwidth=\dimen180
\adjbox@pheight=\dimen181
\adjbox@pdepth=\dimen182
\adjbox@ptotalheight=\dimen183

(/usr/local/texlive/2022/texmf-dist/tex/latex/ifoddpage/ifoddpage.sty
Package: ifoddpage 2016/04/23 v1.1 Conditionals for odd/even page detection
\c@checkoddpage=\count293
))
(/usr/local/texlive/2022/texmf-dist/tex/latex/amsfonts/amssymb.sty
Package: amssymb 2013/01/14 v3.01 AMS font symbols

(/usr/local/texlive/2022/texmf-dist/tex/latex/amsfonts/amsfonts.sty
Package: amsfonts 2013/01/14 v3.01 Basic AMSFonts support
\@emptytoks=\toks29
\symAMSa=\mathgroup4
\symAMSb=\mathgroup5
LaTeX Font Info:    Redeclaring math symbol \hbar on input line 98.
LaTeX Font Info:    Overwriting math alphabet `\mathfrak' in version `bold'
(Font)                  U/euf/m/n --> U/euf/b/n on input line 106.
))
(/usr/local/texlive/2022/texmf-dist/tex/latex/stackengine/stackengine.sty
Package: stackengine 2021/07/22 v4.11\ Stacking text and objects in convenient 
ways

(/usr/local/texlive/2022/texmf-dist/tex/latex/etoolbox/etoolbox.sty
Package: etoolbox 2020/10/05 v2.5k e-TeX tools for LaTeX (JAW)
\etb@tempcnta=\count294
)
(/usr/local/texlive/2022/texmf-dist/tex/generic/listofitems/listofitems.sty
(/usr/local/texlive/2022/texmf-dist/tex/generic/listofitems/listofitems.tex
\loi_cnt_foreach_nest=\count295
\loi_nestcnt=\count296
)
Package: listofitems 2019/08/21 v1.63 Grab items in lists using user-specified 
sep char (CT)
)
\c@@stackindex=\count297
\@boxshift=\skip72
\stack@tmplength=\skip73
\temp@stkl=\skip74
\@stackedboxwidth=\skip75
\@addedbox=\box109
\@anchorbox=\box110
\@insetbox=\box111
\se@backgroundbox=\box112
\stackedbox=\box113
\@centerbox=\box114
\c@ROWcellindex@=\count298
)
(/usr/local/texlive/2022/texmf-dist/tex/latex/enumitem/enumitem.sty
Package: enumitem 2019/06/20 v3.9 Customized lists
\labelindent=\skip76
\enit@outerparindent=\dimen184
\enit@toks=\toks30
\enit@inbox=\box115
\enit@count@id=\count299
\enitdp@description=\count300
)
(/usr/local/texlive/2022/texmf-dist/tex/generic/alphalph/alphalph.sty
Package: alphalph 2019/12/09 v2.6 Convert numbers to letters (HO)

(/usr/local/texlive/2022/texmf-dist/tex/generic/infwarerr/infwarerr.sty
Package: infwarerr 2019/12/03 v1.5 Providing info/warning/error messages (HO)
)
(/usr/local/texlive/2022/texmf-dist/tex/generic/intcalc/intcalc.sty
Package: intcalc 2019/12/15 v1.3 Expandable calculations with integers (HO)
))
(/usr/local/texlive/2022/texmf-dist/tex/generic/ulem/ulem.sty
\UL@box=\box116
\UL@hyphenbox=\box117
\UL@skip=\skip77
\UL@hook=\toks31
\UL@height=\dimen185
\UL@pe=\count301
\UL@pixel=\dimen186
\ULC@box=\box118
Package: ulem 2019/11/18
\ULdepth=\dimen187
)
\xrefbox=\box119
\xreflength=\skip78
\CodeWidthChar=\skip79
\CodeHeightChar=\skip80
\DoxyCodeWidth=\skip81
\c@DoxyEnumeratei=\count302
\c@DoxyEnumerateii=\count303
\c@DoxyEnumerateiii=\count304
\c@DoxyEnumerateiv=\count305
\c@DoxyEnumeratev=\count306
\c@DoxyEnumeratevi=\count307
\c@DoxyEnumeratevii=\count308
\c@DoxyEnumerateviii=\count309
\c@DoxyEnumerateix=\count310
\c@DoxyEnumeratex=\count311
\c@DoxyEnumeratexi=\count312
\c@DoxyEnumeratexii=\count313
\enitdp@DoxyEnumerate=\count314
\enitdp@DoxyItemize=\count315
)
(/usr/local/texlive/2022/texmf-dist/tex/latex/base/inputenc.sty
Package: inputenc 2021/02/14 v1.3d Input encoding file
\inpenc@prehook=\toks32
\inpenc@posthook=\toks33
)
(/usr/local/texlive/2022/texmf-dist/tex/latex/base/makeidx.sty
Package: makeidx 2021/10/04 v1.0m Standard LaTeX package
)
(/usr/local/texlive/2022/texmf-dist/tex/latex/base/textcomp.sty
Package: textcomp 2020/02/02 v2.0n Standard LaTeX package
)
(/usr/local/texlive/2022/texmf-dist/tex/latex/wasysym/wasysym.sty
Package: wasysym 2020/01/19 v2.4 Wasy-2 symbol support package
\symwasy=\mathgroup6
LaTeX Font Info:    Overwriting symbol font `wasy' in version `bold'
(Font)                  U/wasy/m/n --> U/wasy/b/n on input line 93.
)
(/usr/local/texlive/2022/texmf-dist/tex/generic/iftex/ifxetex.sty
Package: ifxetex 2019/10/25 v0.7 ifxetex legacy package. Use iftex instead.
)
(/usr/local/texlive/2022/texmf-dist/tex/latex/base/fontenc.sty
Package: fontenc 2021/04/29 v2.0v Standard LaTeX package
)
(/usr/local/texlive/2022/texmf-dist/tex/latex/psnfss/helvet.sty
Package: helvet 2020/03/25 PSNFSS-v9.3 (WaS) 
)
(/usr/local/texlive/2022/texmf-dist/tex/latex/psnfss/courier.sty
Package: courier 2020/03/25 PSNFSS-v9.3 (WaS) 
)
(/usr/local/texlive/2022/texmf-dist/tex/latex/sectsty/sectsty.sty
Package: sectsty 2002/02/25 v2.0.2 Commands to change all sectional heading sty
les


LaTeX Warning: Command \underbar  has changed.
               Check if current package is valid.


LaTeX Warning: Command \underline  has changed.
               Check if current package is valid.

) (/usr/local/texlive/2022/texmf-dist/tex/latex/geometry/geometry.sty
Package: geometry 2020/01/02 v5.9 Page Geometry

(/usr/local/texlive/2022/texmf-dist/tex/generic/iftex/ifvtex.sty
Package: ifvtex 2019/10/25 v1.7 ifvtex legacy package. Use iftex instead.
)
\Gm@cnth=\count316
\Gm@cntv=\count317
\c@Gm@tempcnt=\count318
\Gm@bindingoffset=\dimen188
\Gm@wd@mp=\dimen189
\Gm@odd@mp=\dimen190
\Gm@even@mp=\dimen191
\Gm@layoutwidth=\dimen192
\Gm@layoutheight=\dimen193
\Gm@layouthoffset=\dimen194
\Gm@layoutvoffset=\dimen195
\Gm@dimlist=\toks34
)
(/usr/local/texlive/2022/texmf-dist/tex/latex/changepage/changepage.sty
Package: changepage 2009/10/20 v1.0c check page and change page layout
\c@cp@cntr=\count319
\cp@tempcnt=\count320
LaTeX Info: Redefining \checkoddpage on input line 59.
)
(/usr/local/texlive/2022/texmf-dist/tex/latex/fancyhdr/fancyhdr.sty
Package: fancyhdr 2022/05/18 v4.0.3 Extensive control of page headers and foote
rs
\f@nch@headwidth=\skip82
\f@nch@O@elh=\skip83
\f@nch@O@erh=\skip84
\f@nch@O@olh=\skip85
\f@nch@O@orh=\skip86
\f@nch@O@elf=\skip87
\f@nch@O@erf=\skip88
\f@nch@O@olf=\skip89
\f@nch@O@orf=\skip90
)
(/usr/local/texlive/2022/texmf-dist/tex/latex/natbib/natbib.sty
Package: natbib 2010/09/13 8.31b (PWD, AO)
\bibhang=\skip91
\bibsep=\skip92
LaTeX Info: Redefining \cite on input line 694.
\c@NAT@ctr=\count321
)
(/usr/local/texlive/2022/texmf-dist/tex/latex/tocloft/tocloft.sty
Package: tocloft 2017/08/31 v2.3i parameterised ToC, etc., typesetting
Package tocloft Info: The document has chapter divisions on input line 51.
\cftparskip=\skip93
\cftbeforetoctitleskip=\skip94
\cftaftertoctitleskip=\skip95
\cftbeforepartskip=\skip96
\cftpartnumwidth=\skip97
\cftpartindent=\skip98
\cftbeforechapskip=\skip99
\cftchapindent=\skip100
\cftchapnumwidth=\skip101
\cftbeforesecskip=\skip102
\cftsecindent=\skip103
\cftsecnumwidth=\skip104
\cftbeforesubsecskip=\skip105
\cftsubsecindent=\skip106
\cftsubsecnumwidth=\skip107
\cftbeforesubsubsecskip=\skip108
\cftsubsubsecindent=\skip109
\cftsubsubsecnumwidth=\skip110
\cftbeforeparaskip=\skip111
\cftparaindent=\skip112
\cftparanumwidth=\skip113
\cftbeforesubparaskip=\skip114
\cftsubparaindent=\skip115
\cftsubparanumwidth=\skip116
\cftbeforeloftitleskip=\skip117
\cftafterloftitleskip=\skip118
\cftbeforefigskip=\skip119
\cftfigindent=\skip120
\cftfignumwidth=\skip121
\c@lofdepth=\count322
\c@lotdepth=\count323
\cftbeforelottitleskip=\skip122
\cftafterlottitleskip=\skip123
\cftbeforetabskip=\skip124
\cfttabindent=\skip125
\cfttabnumwidth=\skip126
)
\@indexfile=\write4
\openout4 = `refman.idx'.


Writing index file refman.idx

(/usr/local/texlive/2022/texmf-dist/tex/latex/newunicodechar/newunicodechar.sty
Package: newunicodechar 2018/04/08 v1.2 Defining Unicode characters
)

Package newunicodechar Warning: Redefining Unicode character on input line 117.



Package newunicodechar Warning: Redefining Unicode character on input line 118.


(/usr/local/texlive/2022/texmf-dist/tex/latex/hyperref/hyperref.sty
Package: hyperref 2022-06-20 v7.00s Hypertext links for LaTeX

(/usr/local/texlive/2022/texmf-dist/tex/generic/ltxcmds/ltxcmds.sty
Package: ltxcmds 2020-05-10 v1.25 LaTeX kernel commands for general use (HO)
)
(/usr/local/texlive/2022/texmf-dist/tex/generic/pdftexcmds/pdftexcmds.sty
Package: pdftexcmds 2020-06-27 v0.33 Utility functions of pdfTeX for LuaTeX (HO
)
Package pdftexcmds Info: \pdf@primitive is available.
Package pdftexcmds Info: \pdf@ifprimitive is available.
Package pdftexcmds Info: \pdfdraftmode found.
)
(/usr/local/texlive/2022/texmf-dist/tex/generic/kvsetkeys/kvsetkeys.sty
Package: kvsetkeys 2019/12/15 v1.18 Key value parser (HO)
)
(/usr/local/texlive/2022/texmf-dist/tex/generic/kvdefinekeys/kvdefinekeys.sty
Package: kvdefinekeys 2019-12-19 v1.6 Define keys (HO)
)
(/usr/local/texlive/2022/texmf-dist/tex/generic/pdfescape/pdfescape.sty
Package: pdfescape 2019/12/09 v1.15 Implements pdfTeX's escape features (HO)
)
(/usr/local/texlive/2022/texmf-dist/tex/latex/hycolor/hycolor.sty
Package: hycolor 2020-01-27 v1.10 Color options for hyperref/bookmark (HO)
)
(/usr/local/texlive/2022/texmf-dist/tex/latex/letltxmacro/letltxmacro.sty
Package: letltxmacro 2019/12/03 v1.6 Let assignment for LaTeX macros (HO)
)
(/usr/local/texlive/2022/texmf-dist/tex/latex/auxhook/auxhook.sty
Package: auxhook 2019-12-17 v1.6 Hooks for auxiliary files (HO)
)
(/usr/local/texlive/2022/texmf-dist/tex/latex/hyperref/nameref.sty
Package: nameref 2022-05-17 v2.50 Cross-referencing by name of section

(/usr/local/texlive/2022/texmf-dist/tex/latex/refcount/refcount.sty
Package: refcount 2019/12/15 v3.6 Data extraction from label references (HO)
)
(/usr/local/texlive/2022/texmf-dist/tex/generic/gettitlestring/gettitlestring.s
ty
Package: gettitlestring 2019/12/15 v1.6 Cleanup title references (HO)
 (/usr/local/texlive/2022/texmf-dist/tex/latex/kvoptions/kvoptions.sty
Package: kvoptions 2022-06-15 v3.15 Key value format for package options (HO)
))
\c@section@level=\count324
)
\@linkdim=\dimen196
\Hy@linkcounter=\count325
\Hy@pagecounter=\count326

(/usr/local/texlive/2022/texmf-dist/tex/latex/hyperref/pd1enc.def
File: pd1enc.def 2022-06-20 v7.00s Hyperref: PDFDocEncoding definition (HO)
Now handling font encoding PD1 ...
... no UTF-8 mapping file for font encoding PD1
)
(/usr/local/texlive/2022/texmf-dist/tex/generic/etexcmds/etexcmds.sty
Package: etexcmds 2019/12/15 v1.7 Avoid name clashes with e-TeX commands (HO)
)
\Hy@SavedSpaceFactor=\count327

(/usr/local/texlive/2022/texmf-dist/tex/latex/hyperref/puenc.def
File: puenc.def 2022-06-20 v7.00s Hyperref: PDF Unicode definition (HO)
Now handling font encoding PU ...
... no UTF-8 mapping file for font encoding PU
)
Package hyperref Info: Hyper figures OFF on input line 4162.
Package hyperref Info: Link nesting OFF on input line 4167.
Package hyperref Info: Hyper index ON on input line 4170.
Package hyperref Info: Plain pages OFF on input line 4177.
Package hyperref Info: Backreferencing ON on input line 4180.
Package hyperref Info: Implicit mode ON; LaTeX internals redefined.
Package hyperref Info: Bookmarks ON on input line 4408.

(/usr/local/texlive/2022/texmf-dist/tex/latex/hyperref/backref.sty
Package: backref 2021/02/04 v1.41 Bibliographical back referencing

(/usr/local/texlive/2022/texmf-dist/tex/latex/rerunfilecheck/rerunfilecheck.sty
Package: rerunfilecheck 2022-07-10 v1.10 Rerun checks for auxiliary files (HO)
(/usr/local/texlive/2022/texmf-dist/tex/latex/base/atveryend-ltx.sty
Package: atveryend-ltx 2020/08/19 v1.0a Emulation of the original atveryend pac
kage
with kernel methods
)
(/usr/local/texlive/2022/texmf-dist/tex/generic/uniquecounter/uniquecounter.sty
Package: uniquecounter 2019/12/15 v1.4 Provide unlimited unique counter (HO)
(/usr/local/texlive/2022/texmf-dist/tex/generic/bigintcalc/bigintcalc.sty
Package: bigintcalc 2019/12/15 v1.5 Expandable calculations on big integers (HO
)
))
Package uniquecounter Info: New unique counter `rerunfilecheck' on input line 2
85.
))
\c@Hy@tempcnt=\count328

(/usr/local/texlive/2022/texmf-dist/tex/latex/url/url.sty
\Urlmuskip=\muskip16
Package: url 2013/09/16  ver 3.4  Verb mode for urls, etc.
)
LaTeX Info: Redefining \url on input line 4746.
\XeTeXLinkMargin=\dimen197

(/usr/local/texlive/2022/texmf-dist/tex/generic/bitset/bitset.sty
Package: bitset 2019/12/09 v1.3 Handle bit-vector datatype (HO)
)
\Fld@menulength=\count329
\Field@Width=\dimen198
\Fld@charsize=\dimen199
Package hyperref Info: Hyper figures OFF on input line 6024.
Package hyperref Info: Link nesting OFF on input line 6029.
Package hyperref Info: Hyper index ON on input line 6032.
Package hyperref Info: backreferencing ON on input line 6037.
Package hyperref Info: Link coloring OFF on input line 6044.
Package hyperref Info: Link coloring with OCG OFF on input line 6049.
Package hyperref Info: PDF/A mode OFF on input line 6054.

(/usr/local/texlive/2022/texmf-dist/tex/latex/base/atbegshi-ltx.sty
Package: atbegshi-ltx 2021/01/10 v1.0c Emulation of the original atbegshi
package with kernel methods
)
\Hy@abspage=\count330
\c@Item=\count331
\c@Hfootnote=\count332


LaTeX Warning: Command \LT@p@ftntext  has changed.
               Check if current package is valid.

)
Package hyperref Info: Driver: hpdftex.
 (/usr/local/texlive/2022/texmf-dist/tex/latex/hyperref/hpdftex.def
File: hpdftex.def 2022-06-20 v7.00s Hyperref driver for pdfTeX
\Fld@listcount=\count333
\c@bookmark@seq@number=\count334
\Hy@SectionHShift=\skip127
)
Package hyperref Info: Option `colorlinks' set `true' on input line 137.
Package hyperref Info: Option `unicode' set `true' on input line 137.

(/usr/local/texlive/2022/texmf-dist/tex/latex/caption/caption.sty
Package: caption 2022/03/01 v3.6b Customizing captions (AR)

(/usr/local/texlive/2022/texmf-dist/tex/latex/caption/caption3.sty
Package: caption3 2022/03/17 v2.3b caption3 kernel (AR)
\caption@tempdima=\dimen256
\captionmargin=\dimen257
\caption@leftmargin=\dimen258
\caption@rightmargin=\dimen259
\caption@width=\dimen260
\caption@indent=\dimen261
\caption@parindent=\dimen262
\caption@hangindent=\dimen263
Package caption Info: Standard document class detected.
)
\c@caption@flags=\count335
\c@continuedfloat=\count336
Package caption Info: changepage package is loaded.
\caption@adjustwidth@hsize=\dimen264
\caption@adjustwidth@linewidth=\dimen265
Package caption Info: float package is loaded.
Package caption Info: hyperref package is loaded.
Package caption Info: longtable package is loaded.

(/usr/local/texlive/2022/texmf-dist/tex/latex/caption/ltcaption.sty
Package: ltcaption 2021/01/08 v1.4c longtable captions (AR)
))
(/usr/local/texlive/2022/texmf-dist/tex/latex/etoc/etoc.sty
Package: etoc 2021/09/23 v1.09e Completely customisable TOCs (JFB)
\Etoc@toctoks=\toks35
\c@etoc@tocid=\count337
\c@etoc@tocdepth=\count338
\etoc@framed@titlebox=\box120
\etoc@framed@contentsbox=\box121
)
LaTeX Font Info:    Trying to load font information for T1+phv on input line 15
3.

(/usr/local/texlive/2022/texmf-dist/tex/latex/psnfss/t1phv.fd
File: t1phv.fd 2020/03/25 scalable font definitions for T1/phv.
)
LaTeX Font Info:    Font shape `T1/phv/m/n' will be
(Font)              scaled to size 8.99994pt on input line 153.

(/usr/local/texlive/2022/texmf-dist/tex/latex/l3backend/l3backend-pdftex.def
File: l3backend-pdftex.def 2022-08-05 L3 backend support: PDF output (pdfTeX)
\l__color_backend_stack_int=\count339
\l__pdf_internal_box=\box122
)
(./refman.aux)
\openout1 = `refman.aux'.

LaTeX Font Info:    Checking defaults for OML/cmm/m/it on input line 153.
LaTeX Font Info:    ... okay on input line 153.
LaTeX Font Info:    Checking defaults for OMS/cmsy/m/n on input line 153.
LaTeX Font Info:    ... okay on input line 153.
LaTeX Font Info:    Checking defaults for OT1/cmr/m/n on input line 153.
LaTeX Font Info:    ... okay on input line 153.
LaTeX Font Info:    Checking defaults for T1/cmr/m/n on input line 153.
LaTeX Font Info:    ... okay on input line 153.
LaTeX Font Info:    Checking defaults for TS1/cmr/m/n on input line 153.
LaTeX Font Info:    ... okay on input line 153.
LaTeX Font Info:    Checking defaults for OMX/cmex/m/n on input line 153.
LaTeX Font Info:    ... okay on input line 153.
LaTeX Font Info:    Checking defaults for U/cmr/m/n on input line 153.
LaTeX Font Info:    ... okay on input line 153.
LaTeX Font Info:    Checking defaults for PD1/pdf/m/n on input line 153.
LaTeX Font Info:    ... okay on input line 153.
LaTeX Font Info:    Checking defaults for PU/pdf/m/n on input line 153.
LaTeX Font Info:    ... okay on input line 153.

(/usr/local/texlive/2022/texmf-dist/tex/context/base/mkii/supp-pdf.mkii
[Loading MPS to PDF converter (version 2006.09.02).]
\scratchcounter=\count340
\scratchdimen=\dimen266
\scratchbox=\box123
\nofMPsegments=\count341
\nofMParguments=\count342
\everyMPshowfont=\toks36
\MPscratchCnt=\count343
\MPscratchDim=\dimen267
\MPnumerator=\count344
\makeMPintoPDFobject=\count345
\everyMPtoPDFconversion=\toks37
) (/usr/local/texlive/2022/texmf-dist/tex/latex/epstopdf-pkg/epstopdf-base.sty
Package: epstopdf-base 2020-01-24 v2.11 Base part for package epstopdf
Package epstopdf-base Info: Redefining graphics rule for `.eps' on input line 4
85.

(/usr/local/texlive/2022/texmf-dist/tex/latex/latexconfig/epstopdf-sys.cfg
File: epstopdf-sys.cfg 2010/07/13 v1.3 Configuration of (r)epstopdf for TeX Liv
e
))
*geometry* driver: auto-detecting
*geometry* detected driver: pdftex
*geometry* verbose mode - [ preamble ] result:
* driver: pdftex
* paper: a4paper
* layout: <same size as paper>
* layoutoffset:(h,v)=(0.0pt,0.0pt)
* modes: twoside 
* h-part:(L,W,R)=(71.13188pt, 455.24411pt, 71.13188pt)
* v-part:(T,H,B)=(71.13188pt, 702.78308pt, 71.13188pt)
* \paperwidth=597.50787pt
* \paperheight=845.04684pt
* \textwidth=455.24411pt
* \textheight=702.78308pt
* \oddsidemargin=-1.1381pt
* \evensidemargin=-1.1381pt
* \topmargin=-31.2056pt
* \headheight=12.0pt
* \headsep=18.06749pt
* \topskip=10.0pt
* \footskip=25.29494pt
* \marginparwidth=125.0pt
* \marginparsep=7.0pt
* \columnsep=10.0pt
* \skip\footins=9.0pt plus 4.0pt minus 2.0pt
* \hoffset=0.0pt
* \voffset=0.0pt
* \mag=1000
* \@twocolumnfalse
* \@twosidetrue
* \@mparswitchtrue
* \@reversemarginfalse
* (1in=72.27pt=25.4mm, 1cm=28.453pt)

Package backref Info: ** backref set up for natbib ** on input line 153.
Package hyperref Info: Link coloring ON on input line 153.
(./refman.out) (./refman.out)
\@outlinefile=\write5
\openout5 = `refman.out'.

Package caption Info: Begin \AtBeginDocument code.
Package caption Info: End \AtBeginDocument code.
\Etoc@tf=\read4
Package hyperref Info: Option `pageanchor' set `false' on input line 161.
Package hyperref Info: Option `bookmarksnumbered' set `true' on input line 161.

Package hyperref Info: Option `unicode' set `true' on input line 161.
LaTeX Font Info:    Font shape `T1/phv/m/n' will be
(Font)              scaled to size 12.9599pt on input line 166.
LaTeX Font Info:    Font shape `T1/phv/m/n' will be
(Font)              scaled to size 10.79993pt on input line 168.
 [1


{/usr/local/texlive/2022/texmf-var/fonts/map/pdftex/updmap/pdftex.map}] [2

]
\tf@toc=\write6
\openout6 = `refman.toc'.

LaTeX Font Info:    Font shape `T1/phv/b/n' will be
(Font)              scaled to size 8.99994pt on input line 174.
LaTeX Font Info:    Trying to load font information for U+msa on input line 174
.

(/usr/local/texlive/2022/texmf-dist/tex/latex/amsfonts/umsa.fd
File: umsa.fd 2013/01/14 v3.01 AMS symbols A
)
LaTeX Font Info:    Trying to load font information for U+msb on input line 174
.

(/usr/local/texlive/2022/texmf-dist/tex/latex/amsfonts/umsb.fd
File: umsb.fd 2013/01/14 v3.01 AMS symbols B
)
LaTeX Font Info:    Trying to load font information for U+wasy on input line 17
4.

(/usr/local/texlive/2022/texmf-dist/tex/latex/wasysym/uwasy.fd
File: uwasy.fd 2020/01/19 v2.4 Wasy-2 symbol font definitions
)
LaTeX Font Info:    Font shape `T1/phv/m/n' will be
(Font)              scaled to size 6.29996pt on input line 174.
LaTeX Font Info:    Font shape `T1/phv/b/n' will be
(Font)              scaled to size 6.29996pt on input line 174.
 [1] [2]
[3] [4

]
Package hyperref Info: Option `pageanchor' set `true' on input line 177.

Chapter 1.
LaTeX Font Info:    Font shape `T1/phv/m/n' will be
(Font)              scaled to size 18.66588pt on input line 179.
LaTeX Font Info:    Font shape `T1/phv/b/n' will be
(Font)              scaled to size 18.66588pt on input line 179.
LaTeX Font Info:    Font shape `T1/phv/bc/n' will be
(Font)              scaled to size 18.66588pt on input line 179.
LaTeX Font Info:    Font shape `T1/phv/m/n' will be
(Font)              scaled to size 22.39185pt on input line 179.
LaTeX Font Info:    Font shape `T1/phv/b/n' will be
(Font)              scaled to size 22.39185pt on input line 179.
LaTeX Font Info:    Font shape `T1/phv/bc/n' will be
(Font)              scaled to size 22.39185pt on input line 179.
(./annotated.tex
LaTeX Font Info:    Font shape `T1/phv/b/n' will be
(Font)              scaled to size 12.9599pt on input line 1.
) [1

] [2

]
Chapter 2.
(./files.tex) [3] [4

]
Chapter 3.
(./structhashmap__element__s.tex
LaTeX Font Info:    Trying to load font information for T1+pcr on input line 5.


(/usr/local/texlive/2022/texmf-dist/tex/latex/psnfss/t1pcr.fd
File: t1pcr.fd 2001/06/04 font definitions for T1/pcr.
)
LaTeX Font Info:    Font shape `T1/phv/b/n' will be
(Font)              scaled to size 10.79993pt on input line 7.
LaTeX Font Info:    Trying to load font information for TS1+phv on input line 1
0.

(/usr/local/texlive/2022/texmf-dist/tex/latex/psnfss/ts1phv.fd
File: ts1phv.fd 2020/03/25 scalable font definitions for TS1/phv.
)
LaTeX Font Info:    Font shape `TS1/phv/m/n' will be
(Font)              scaled to size 8.99994pt on input line 10.
LaTeX Font Info:    Font shape `T1/phv/m/n' will be
(Font)              scaled to size 7.19995pt on input line 21.
)
(./structhashmap__s.tex <./structhashmap__s__coll__graph.pdf

pdfTeX warning: pdflatex (file ./structhashmap__s__coll__graph.pdf): PDF inclus
ion: multiple pdfs with page group included in a single page
>
<structhashmap__s__coll__graph.pdf, id=503, 173.64874pt x 245.91875pt>
File: structhashmap__s__coll__graph.pdf Graphic file (type pdf)
<use structhashmap__s__coll__graph.pdf>
Package pdftex.def Info: structhashmap__s__coll__graph.pdf  used on input line 
14.
(pdftex.def)             Requested size: 173.0pt x 245.01004pt.
 [5]) (./structlist.tex <./structlist__coll__graph.pdf

pdfTeX warning: pdflatex (file ./structlist__coll__graph.pdf): PDF inclusion: m
ultiple pdfs with page group included in a single page
>
<structlist__coll__graph.pdf, id=542, 171.64125pt x 179.67125pt>
File: structlist__coll__graph.pdf Graphic file (type pdf)
<use structlist__coll__graph.pdf>
Package pdftex.def Info: structlist__coll__graph.pdf  used on input line 14.
(pdftex.def)             Requested size: 171.0pt x 178.9991pt.
 [6]
LaTeX Font Info:    Font shape `T1/phv/m/n' will be
(Font)              scaled to size 8.09995pt on input line 21.
LaTeX Font Info:    Font shape `T1/phv/m/it' in size <9> not available
(Font)              Font shape `T1/phv/m/sl' tried instead on input line 21.
LaTeX Font Info:    Font shape `T1/phv/m/sl' will be
(Font)              scaled to size 8.09995pt on input line 21.
) (./structlistentry.tex <./structlistentry__coll__graph.pdf>
<structlistentry__coll__graph.pdf, id=576, 171.64125pt x 102.3825pt>
File: structlistentry__coll__graph.pdf Graphic file (type pdf)
<use structlistentry__coll__graph.pdf>
Package pdftex.def Info: structlistentry__coll__graph.pdf  used on input line 1
4.
(pdftex.def)             Requested size: 171.0pt x 101.9995pt.
 [7])
(./structlock.tex [8]) [9] [10

]
Chapter 4.
(./hm_8h.tex <./hm_8h__incl.pdf

pdfTeX warning: pdflatex (file ./hm_8h__incl.pdf): PDF inclusion: multiple pdfs
 with page group included in a single page
>
<hm_8h__incl.pdf, id=635, 491.8375pt x 209.78375pt>
File: hm_8h__incl.pdf Graphic file (type pdf)
<use hm_8h__incl.pdf>
Package pdftex.def Info: hm_8h__incl.pdf  used on input line 10.
(pdftex.def)             Requested size: 350.0pt x 149.29pt.
 <./hm_8h__dep__incl.pdf

pdfTeX warning: pdflatex (file ./hm_8h__dep__incl.pdf): PDF inclusion: multiple
 pdfs with page group included in a single page
>
<hm_8h__dep__incl.pdf, id=643, 152.57pt x 154.5775pt>
File: hm_8h__dep__incl.pdf Graphic file (type pdf)
<use hm_8h__dep__incl.pdf>
Package pdftex.def Info: hm_8h__dep__incl.pdf  used on input line 18.
(pdftex.def)             Requested size: 152.0pt x 154.0063pt.
 [11]
LaTeX Font Info:    Font shape `T1/phv/m/it' in size <7> not available
(Font)              Font shape `T1/phv/m/sl' tried instead on input line 45.
LaTeX Font Info:    Font shape `T1/phv/m/sl' will be
(Font)              scaled to size 6.29996pt on input line 45.
LaTeX Font Info:    Font shape `T1/pcr/m/it' in size <8> not available
(Font)              Font shape `T1/pcr/m/sl' tried instead on input line 64.
 [12]
Underfull \hbox (badness 10000) detected at line 77
[][][]
 []

 <./hm_8h_a50bf8746ced6f16c08b02594b508ebe0_cgraph.pdf

pdfTeX warning: pdflatex (file ./hm_8h_a50bf8746ced6f16c08b02594b508ebe0_cgraph
.pdf): PDF inclusion: multiple pdfs with page group included in a single page
>
<hm_8h_a50bf8746ced6f16c08b02594b508ebe0_cgraph.pdf, id=692, 271.0125pt x 136.5
1pt>
File: hm_8h_a50bf8746ced6f16c08b02594b508ebe0_cgraph.pdf Graphic file (type pdf
)
<use hm_8h_a50bf8746ced6f16c08b02594b508ebe0_cgraph.pdf>
Package pdftex.def Info: hm_8h_a50bf8746ced6f16c08b02594b508ebe0_cgraph.pdf  us
ed on input line 85.
(pdftex.def)             Requested size: 270.0pt x 136.00557pt.
LaTeX Font Info:    Font shape `T1/pcr/m/it' in size <7> not available
(Font)              Font shape `T1/pcr/m/sl' tried instead on input line 92.

Underfull \hbox (badness 10000) detected at line 103
[][][]
 []


Underfull \hbox (badness 10000) in paragraph at lines 104--105

 []

 <./hm_8h_a4daf13745d2c7e59baf9124b0cd98d46_cgraph.pdf

pdfTeX warning: pdflatex (file ./hm_8h_a4daf13745d2c7e59baf9124b0cd98d46_cgraph
.pdf): PDF inclusion: multiple pdfs with page group included in a single page
>
<hm_8h_a4daf13745d2c7e59baf9124b0cd98d46_cgraph.pdf, id=704, 263.98625pt x 136.
51pt>
File: hm_8h_a4daf13745d2c7e59baf9124b0cd98d46_cgraph.pdf Graphic file (type pdf
)
<use hm_8h_a4daf13745d2c7e59baf9124b0cd98d46_cgraph.pdf>
Package pdftex.def Info: hm_8h_a4daf13745d2c7e59baf9124b0cd98d46_cgraph.pdf  us
ed on input line 112.
(pdftex.def)             Requested size: 263.0pt x 136.00766pt.
 [13]
Underfull \hbox (badness 10000) detected at line 132
[][][]
 []

 <./hm_8h_aeac79e3e0a618728054665a7017de511_cgraph.pdf>
<hm_8h_aeac79e3e0a618728054665a7017de511_cgraph.pdf, id=725, 234.8775pt x 99.37
125pt>
File: hm_8h_aeac79e3e0a618728054665a7017de511_cgraph.pdf Graphic file (type pdf
)
<use hm_8h_aeac79e3e0a618728054665a7017de511_cgraph.pdf>
Package pdftex.def Info: hm_8h_aeac79e3e0a618728054665a7017de511_cgraph.pdf  us
ed on input line 140.
(pdftex.def)             Requested size: 234.0pt x 98.99951pt.
 [14]
Underfull \hbox (badness 10000) detected at line 160
[][][]
 []


Underfull \hbox (badness 10000) detected at line 182
[][][]
 []

 <./hm_8h_ae91dcb3550855f201bc443c1635080fb_cgraph.pdf>
<hm_8h_ae91dcb3550855f201bc443c1635080fb_cgraph.pdf, id=751, 241.90375pt x 136.
51pt>
File: hm_8h_ae91dcb3550855f201bc443c1635080fb_cgraph.pdf Graphic file (type pdf
)
<use hm_8h_ae91dcb3550855f201bc443c1635080fb_cgraph.pdf>
Package pdftex.def Info: hm_8h_ae91dcb3550855f201bc443c1635080fb_cgraph.pdf  us
ed on input line 190.
(pdftex.def)             Requested size: 241.0pt x 136.00557pt.
 [15]
Underfull \hbox (badness 10000) detected at line 210
[][][]
 []

 <./hm_8h_a9d55e477ff997273d8087a3cd31a741f_cgraph.pdf

pdfTeX warning: pdflatex (file ./hm_8h_a9d55e477ff997273d8087a3cd31a741f_cgraph
.pdf): PDF inclusion: multiple pdfs with page group included in a single page
>
<hm_8h_a9d55e477ff997273d8087a3cd31a741f_cgraph.pdf, id=769, 271.0125pt x 136.5
1pt>
File: hm_8h_a9d55e477ff997273d8087a3cd31a741f_cgraph.pdf Graphic file (type pdf
)
<use hm_8h_a9d55e477ff997273d8087a3cd31a741f_cgraph.pdf>
Package pdftex.def Info: hm_8h_a9d55e477ff997273d8087a3cd31a741f_cgraph.pdf  us
ed on input line 218.
(pdftex.def)             Requested size: 270.0pt x 136.00557pt.
) (./hm_8h_source.tex [16]) (./list_8h.tex <./list_8h__dep__incl.pdf>
<list_8h__dep__incl.pdf, id=812, 363.3575pt x 209.78375pt>
File: list_8h__dep__incl.pdf Graphic file (type pdf)
<use list_8h__dep__incl.pdf>
Package pdftex.def Info: list_8h__dep__incl.pdf  used on input line 8.
(pdftex.def)             Requested size: 350.0pt x 202.07831pt.
 [17]
Underfull \hbox (badness 10000) detected at line 47
[][][]
 []

[18]
Underfull \hbox (badness 10000) detected at line 67
[][][]
 []

 <./list_8h_ad0fbfe024706febcb775883a3fc56085_icgraph.pdf

pdfTeX warning: pdflatex (file ./list_8h_ad0fbfe024706febcb775883a3fc56085_icgr
aph.pdf): PDF inclusion: multiple pdfs with page group included in a single pag
e
>
<list_8h_ad0fbfe024706febcb775883a3fc56085_icgraph.pdf, id=858, 255.95625pt x 1
36.51pt>
File: list_8h_ad0fbfe024706febcb775883a3fc56085_icgraph.pdf Graphic file (type 
pdf)
<use list_8h_ad0fbfe024706febcb775883a3fc56085_icgraph.pdf>
Package pdftex.def Info: list_8h_ad0fbfe024706febcb775883a3fc56085_icgraph.pdf 
 used on input line 75.
(pdftex.def)             Requested size: 255.0pt x 135.99933pt.

Underfull \hbox (badness 10000) detected at line 88
[][][]
 []

 <./list_8h_adba20e07093a18883c9758ea57296b1a_icgraph.pdf

pdfTeX warning: pdflatex (file ./list_8h_adba20e07093a18883c9758ea57296b1a_icgr
aph.pdf): PDF inclusion: multiple pdfs with page group included in a single pag
e
>
<list_8h_adba20e07093a18883c9758ea57296b1a_icgraph.pdf, id=867, 258.9675pt x 13
6.51pt>
File: list_8h_adba20e07093a18883c9758ea57296b1a_icgraph.pdf Graphic file (type 
pdf)
<use list_8h_adba20e07093a18883c9758ea57296b1a_icgraph.pdf>
Package pdftex.def Info: list_8h_adba20e07093a18883c9758ea57296b1a_icgraph.pdf 
 used on input line 96.
(pdftex.def)             Requested size: 258.0pt x 136.0139pt.
 [19]
Underfull \hbox (badness 10000) detected at line 116
[][][]
 []

) (./list_8h_source.tex) (./mythread_8h.tex <./mythread_8h__incl.pdf>
<mythread_8h__incl.pdf, id=911, 491.8375pt x 154.5775pt>
File: mythread_8h__incl.pdf Graphic file (type pdf)
<use mythread_8h__incl.pdf>
Package pdftex.def Info: mythread_8h__incl.pdf  used on input line 14.
(pdftex.def)             Requested size: 350.0pt x 110.00314pt.
 <./mythread_8h__dep__incl.pdf

pdfTeX warning: pdflatex (file ./mythread_8h__dep__incl.pdf): PDF inclusion: mu
ltiple pdfs with page group included in a single page
>
<mythread_8h__dep__incl.pdf, id=919, 252.945pt x 209.78375pt>
File: mythread_8h__dep__incl.pdf Graphic file (type pdf)
<use mythread_8h__dep__incl.pdf>
Package pdftex.def Info: mythread_8h__dep__incl.pdf  used on input line 22.
(pdftex.def)             Requested size: 252.0pt x 209.00536pt.
 [20] <./mythread_8h_add38fde7157ac3938c4a60b64ed67e9f_icgraph.pdf>
<mythread_8h_add38fde7157ac3938c4a60b64ed67e9f_icgraph.pdf, id=947, 271.0125pt 
x 99.37125pt>
File: mythread_8h_add38fde7157ac3938c4a60b64ed67e9f_icgraph.pdf Graphic file (t
ype pdf)
<use mythread_8h_add38fde7157ac3938c4a60b64ed67e9f_icgraph.pdf>
Package pdftex.def Info: mythread_8h_add38fde7157ac3938c4a60b64ed67e9f_icgraph.
pdf  used on input line 61.
(pdftex.def)             Requested size: 270.0pt x 99.00406pt.
 [21] <./mythread_8h_a168a10005fede78825b8c0c925415add_icgraph.pdf>
<mythread_8h_a168a10005fede78825b8c0c925415add_icgraph.pdf, id=973, 263.98625pt
 x 99.37125pt>
File: mythread_8h_a168a10005fede78825b8c0c925415add_icgraph.pdf Graphic file (t
ype pdf)
<use mythread_8h_a168a10005fede78825b8c0c925415add_icgraph.pdf>
Package pdftex.def Info: mythread_8h_a168a10005fede78825b8c0c925415add_icgraph.
pdf  used on input line 75.
(pdftex.def)             Requested size: 263.0pt x 99.00557pt.
 <./mythread_8h_a86df4756182955a6ca389503c93d1822_icgraph.pdf

pdfTeX warning: pdflatex (file ./mythread_8h_a86df4756182955a6ca389503c93d1822_
icgraph.pdf): PDF inclusion: multiple pdfs with page group included in a single
 page
>
<mythread_8h_a86df4756182955a6ca389503c93d1822_icgraph.pdf, id=982, 271.0125pt 
x 99.37125pt>
File: mythread_8h_a86df4756182955a6ca389503c93d1822_icgraph.pdf Graphic file (t
ype pdf)
<use mythread_8h_a86df4756182955a6ca389503c93d1822_icgraph.pdf>
Package pdftex.def Info: mythread_8h_a86df4756182955a6ca389503c93d1822_icgraph.
pdf  used on input line 89.
(pdftex.def)             Requested size: 270.0pt x 99.00406pt.
 <./mythread_8h_a350c139a6ceb309a88f2258cbd03dfe5_cgraph.pdf

pdfTeX warning: pdflatex (file ./mythread_8h_a350c139a6ceb309a88f2258cbd03dfe5_
cgraph.pdf): PDF inclusion: multiple pdfs with page group included in a single 
page
>
<mythread_8h_a350c139a6ceb309a88f2258cbd03dfe5_cgraph.pdf, id=990, 255.95625pt 
x 99.37125pt>
File: mythread_8h_a350c139a6ceb309a88f2258cbd03dfe5_cgraph.pdf Graphic file (ty
pe pdf)
<use mythread_8h_a350c139a6ceb309a88f2258cbd03dfe5_cgraph.pdf>
Package pdftex.def Info: mythread_8h_a350c139a6ceb309a88f2258cbd03dfe5_cgraph.p
df  used on input line 103.
(pdftex.def)             Requested size: 255.0pt x 98.99951pt.
 [22] <./mythread_8h_a208f41a96703a668897f97f212bfaf52_cgraph.pdf>
<mythread_8h_a208f41a96703a668897f97f212bfaf52_cgraph.pdf, id=1006, 244.915pt x
 99.37125pt>
File: mythread_8h_a208f41a96703a668897f97f212bfaf52_cgraph.pdf Graphic file (ty
pe pdf)
<use mythread_8h_a208f41a96703a668897f97f212bfaf52_cgraph.pdf>
Package pdftex.def Info: mythread_8h_a208f41a96703a668897f97f212bfaf52_cgraph.p
df  used on input line 117.
(pdftex.def)             Requested size: 244.0pt x 99.00253pt.
)
(./mythread_8h_source.tex) (./hm_8c.tex <./hm_8c__incl.pdf

pdfTeX warning: pdflatex (file ./hm_8c__incl.pdf): PDF inclusion: multiple pdfs
 with page group included in a single page
>
<hm_8c__incl.pdf, id=1027, 491.8375pt x 264.99pt>
File: hm_8c__incl.pdf Graphic file (type pdf)
<use hm_8c__incl.pdf>
Package pdftex.def Info: hm_8c__incl.pdf  used on input line 13.
(pdftex.def)             Requested size: 350.0pt x 188.57686pt.
 [23] [24]
Underfull \hbox (badness 10000) detected at line 71
[][][]
 []

 <./hm_8c_a50bf8746ced6f16c08b02594b508ebe0_cgraph.pdf>
<hm_8c_a50bf8746ced6f16c08b02594b508ebe0_cgraph.pdf, id=1078, 271.0125pt x 136.
51pt>
File: hm_8c_a50bf8746ced6f16c08b02594b508ebe0_cgraph.pdf Graphic file (type pdf
)
<use hm_8c_a50bf8746ced6f16c08b02594b508ebe0_cgraph.pdf>
Package pdftex.def Info: hm_8c_a50bf8746ced6f16c08b02594b508ebe0_cgraph.pdf  us
ed on input line 79.
(pdftex.def)             Requested size: 270.0pt x 136.00557pt.
 [25]
Underfull \hbox (badness 10000) detected at line 97
[][][]
 []


Underfull \hbox (badness 10000) in paragraph at lines 98--99

 []

 <./hm_8c_a4daf13745d2c7e59baf9124b0cd98d46_cgraph.pdf>
<hm_8c_a4daf13745d2c7e59baf9124b0cd98d46_cgraph.pdf, id=1098, 263.98625pt x 136
.51pt>
File: hm_8c_a4daf13745d2c7e59baf9124b0cd98d46_cgraph.pdf Graphic file (type pdf
)
<use hm_8c_a4daf13745d2c7e59baf9124b0cd98d46_cgraph.pdf>
Package pdftex.def Info: hm_8c_a4daf13745d2c7e59baf9124b0cd98d46_cgraph.pdf  us
ed on input line 106.
(pdftex.def)             Requested size: 263.0pt x 136.00766pt.

Underfull \hbox (badness 10000) detected at line 126
[][][]
 []

 <./hm_8c_aeac79e3e0a618728054665a7017de511_cgraph.pdf

pdfTeX warning: pdflatex (file ./hm_8c_aeac79e3e0a618728054665a7017de511_cgraph
.pdf): PDF inclusion: multiple pdfs with page group included in a single page
>
<hm_8c_aeac79e3e0a618728054665a7017de511_cgraph.pdf, id=1110, 234.8775pt x 99.3
7125pt>
File: hm_8c_aeac79e3e0a618728054665a7017de511_cgraph.pdf Graphic file (type pdf
)
<use hm_8c_aeac79e3e0a618728054665a7017de511_cgraph.pdf>
Package pdftex.def Info: hm_8c_aeac79e3e0a618728054665a7017de511_cgraph.pdf  us
ed on input line 134.
(pdftex.def)             Requested size: 234.0pt x 98.99951pt.
 [26]
Underfull \hbox (badness 10000) detected at line 154
[][][]
 []

[27]
Underfull \hbox (badness 10000) detected at line 176
[][][]
 []

 <./hm_8c_ae91dcb3550855f201bc443c1635080fb_cgraph.pdf>
<hm_8c_ae91dcb3550855f201bc443c1635080fb_cgraph.pdf, id=1142, 241.90375pt x 136
.51pt>
File: hm_8c_ae91dcb3550855f201bc443c1635080fb_cgraph.pdf Graphic file (type pdf
)
<use hm_8c_ae91dcb3550855f201bc443c1635080fb_cgraph.pdf>
Package pdftex.def Info: hm_8c_ae91dcb3550855f201bc443c1635080fb_cgraph.pdf  us
ed on input line 184.
(pdftex.def)             Requested size: 241.0pt x 136.00557pt.

Underfull \hbox (badness 10000) detected at line 202
[][][]
 []

 <./hm_8c_a89082fb36f87569604ffdf846937f845_icgraph.pdf

pdfTeX warning: pdflatex (file ./hm_8c_a89082fb36f87569604ffdf846937f845_icgrap
h.pdf): PDF inclusion: multiple pdfs with page group included in a single page
>
<hm_8c_a89082fb36f87569604ffdf846937f845_icgraph.pdf, id=1150, 242.9075pt x 210
.7875pt>
File: hm_8c_a89082fb36f87569604ffdf846937f845_icgraph.pdf Graphic file (type pd
f)
<use hm_8c_a89082fb36f87569604ffdf846937f845_icgraph.pdf>
Package pdftex.def Info: hm_8c_a89082fb36f87569604ffdf846937f845_icgraph.pdf  u
sed on input line 210.
(pdftex.def)             Requested size: 242.0pt x 209.99898pt.
 [28]
Underfull \hbox (badness 10000) detected at line 230
[][][]
 []

 <./hm_8c_a9d55e477ff997273d8087a3cd31a741f_cgraph.pdf>
<hm_8c_a9d55e477ff997273d8087a3cd31a741f_cgraph.pdf, id=1170, 271.0125pt x 136.
51pt>
File: hm_8c_a9d55e477ff997273d8087a3cd31a741f_cgraph.pdf Graphic file (type pdf
)
<use hm_8c_a9d55e477ff997273d8087a3cd31a741f_cgraph.pdf>
Package pdftex.def Info: hm_8c_a9d55e477ff997273d8087a3cd31a741f_cgraph.pdf  us
ed on input line 238.
(pdftex.def)             Requested size: 270.0pt x 136.00557pt.
) (./list_8c.tex
[29] <./list_8c__incl.pdf>
<list_8c__incl.pdf, id=1185, 291.0875pt x 154.5775pt>
File: list_8c__incl.pdf Graphic file (type pdf)
<use list_8c__incl.pdf>
Package pdftex.def Info: list_8c__incl.pdf  used on input line 11.
(pdftex.def)             Requested size: 290.0pt x 154.01102pt.
 [30]
Underfull \hbox (badness 10000) detected at line 43
[][][]
 []


Underfull \hbox (badness 10000) detected at line 63
[][][]
 []

 <./list_8c_ad0fbfe024706febcb775883a3fc56085_icgraph.pdf>
<list_8c_ad0fbfe024706febcb775883a3fc56085_icgraph.pdf, id=1222, 255.95625pt x 
136.51pt>
File: list_8c_ad0fbfe024706febcb775883a3fc56085_icgraph.pdf Graphic file (type 
pdf)
<use list_8c_ad0fbfe024706febcb775883a3fc56085_icgraph.pdf>
Package pdftex.def Info: list_8c_ad0fbfe024706febcb775883a3fc56085_icgraph.pdf 
 used on input line 71.
(pdftex.def)             Requested size: 255.0pt x 135.99933pt.
 [31]
Underfull \hbox (badness 10000) detected at line 84
[][][]
 []

 <./list_8c_adba20e07093a18883c9758ea57296b1a_icgraph.pdf

pdfTeX warning: pdflatex (file ./list_8c_adba20e07093a18883c9758ea57296b1a_icgr
aph.pdf): PDF inclusion: multiple pdfs with page group included in a single pag
e
>
<list_8c_adba20e07093a18883c9758ea57296b1a_icgraph.pdf, id=1238, 258.9675pt x 1
36.51pt>
File: list_8c_adba20e07093a18883c9758ea57296b1a_icgraph.pdf Graphic file (type 
pdf)
<use list_8c_adba20e07093a18883c9758ea57296b1a_icgraph.pdf>
Package pdftex.def Info: list_8c_adba20e07093a18883c9758ea57296b1a_icgraph.pdf 
 used on input line 92.
(pdftex.def)             Requested size: 258.0pt x 136.0139pt.
 [32]
Underfull \hbox (badness 10000) detected at line 112
[][][]
 []

) (./mythread_8c.tex <./mythread_8c__incl.pdf>
<mythread_8c__incl.pdf, id=1255, 577.15625pt x 209.78375pt>
File: mythread_8c__incl.pdf Graphic file (type pdf)
<use mythread_8c__incl.pdf>
Package pdftex.def Info: mythread_8c__incl.pdf  used on input line 12.
(pdftex.def)             Requested size: 350.0pt x 127.22205pt.
 <./mythread_8c_add38fde7157ac3938c4a60b64ed67e9f_icgraph.pdf

pdfTeX warning: pdflatex (file ./mythread_8c_add38fde7157ac3938c4a60b64ed67e9f_
icgraph.pdf): PDF inclusion: multiple pdfs with page group included in a single
 page
>
<mythread_8c_add38fde7157ac3938c4a60b64ed67e9f_icgraph.pdf, id=1277, 271.0125pt
 x 99.37125pt>
File: mythread_8c_add38fde7157ac3938c4a60b64ed67e9f_icgraph.pdf Graphic file (t
ype pdf)
<use mythread_8c_add38fde7157ac3938c4a60b64ed67e9f_icgraph.pdf>
Package pdftex.def Info: mythread_8c_add38fde7157ac3938c4a60b64ed67e9f_icgraph.
pdf  used on input line 53.
(pdftex.def)             Requested size: 270.0pt x 99.00406pt.
 [33] <./mythread_8c_a168a10005fede78825b8c0c925415add_icgraph.pdf>
<mythread_8c_a168a10005fede78825b8c0c925415add_icgraph.pdf, id=1303, 263.98625p
t x 99.37125pt>
File: mythread_8c_a168a10005fede78825b8c0c925415add_icgraph.pdf Graphic file (t
ype pdf)
<use mythread_8c_a168a10005fede78825b8c0c925415add_icgraph.pdf>
Package pdftex.def Info: mythread_8c_a168a10005fede78825b8c0c925415add_icgraph.
pdf  used on input line 67.
(pdftex.def)             Requested size: 263.0pt x 99.00557pt.
 <./mythread_8c_a86df4756182955a6ca389503c93d1822_icgraph.pdf

pdfTeX warning: pdflatex (file ./mythread_8c_a86df4756182955a6ca389503c93d1822_
icgraph.pdf): PDF inclusion: multiple pdfs with page group included in a single
 page
>
<mythread_8c_a86df4756182955a6ca389503c93d1822_icgraph.pdf, id=1313, 271.0125pt
 x 99.37125pt>
File: mythread_8c_a86df4756182955a6ca389503c93d1822_icgraph.pdf Graphic file (t
ype pdf)
<use mythread_8c_a86df4756182955a6ca389503c93d1822_icgraph.pdf>
Package pdftex.def Info: mythread_8c_a86df4756182955a6ca389503c93d1822_icgraph.
pdf  used on input line 81.
(pdftex.def)             Requested size: 270.0pt x 99.00406pt.
 [34] <./mythread_8c_a350c139a6ceb309a88f2258cbd03dfe5_cgraph.pdf>
<mythread_8c_a350c139a6ceb309a88f2258cbd03dfe5_cgraph.pdf, id=1329, 255.95625pt
 x 99.37125pt>
File: mythread_8c_a350c139a6ceb309a88f2258cbd03dfe5_cgraph.pdf Graphic file (ty
pe pdf)
<use mythread_8c_a350c139a6ceb309a88f2258cbd03dfe5_cgraph.pdf>
Package pdftex.def Info: mythread_8c_a350c139a6ceb309a88f2258cbd03dfe5_cgraph.p
df  used on input line 95.
(pdftex.def)             Requested size: 255.0pt x 98.99951pt.
 <./mythread_8c_a208f41a96703a668897f97f212bfaf52_cgraph.pdf

pdfTeX warning: pdflatex (file ./mythread_8c_a208f41a96703a668897f97f212bfaf52_
cgraph.pdf): PDF inclusion: multiple pdfs with page group included in a single 
page
>
<mythread_8c_a208f41a96703a668897f97f212bfaf52_cgraph.pdf, id=1337, 244.915pt x
 99.37125pt>
File: mythread_8c_a208f41a96703a668897f97f212bfaf52_cgraph.pdf Graphic file (ty
pe pdf)
<use mythread_8c_a208f41a96703a668897f97f212bfaf52_cgraph.pdf>
Package pdftex.def Info: mythread_8c_a208f41a96703a668897f97f212bfaf52_cgraph.p
df  used on input line 109.
(pdftex.def)             Requested size: 244.0pt x 99.00253pt.
) [35] [36] (./refman.ind [37



] [38

]) (./refman.aux)
Package rerunfilecheck Info: File `refman.out' has not changed.
(rerunfilecheck)             Checksum: 7B6DD785C11721DE6F16A59DC23FB73B;15224.
 ) 
Here is how much of TeX's memory you used:
 18606 strings out of 477678
 313337 string characters out of 5829470
 623420 words of memory out of 5000000
 36779 multiletter control sequences out of 15000+600000
 526871 words of font info for 97 fonts, out of 8000000 for 9000
 1141 hyphenation exceptions out of 8191
 99i,15n,117p,563b,740s stack positions out of 10000i,1000n,20000p,200000b,200000s
{/usr/local/texlive/2022/texmf-dist/fonts/enc/dvips/base/8r.enc}</usr/local/t
exlive/2022/texmf-dist/fonts/type1/public/amsfonts/cm/cmmi10.pfb></usr/local/te
xlive/2022/texmf-dist/fonts/type1/public/amsfonts/cm/cmsy10.pfb></usr/local/tex
live/2022/texmf-dist/fonts/type1/public/amsfonts/cm/cmsy8.pfb></usr/local/texli
ve/2022/texmf-dist/fonts/type1/urw/courier/ucrr8a.pfb></usr/local/texlive/2022/
texmf-dist/fonts/type1/urw/courier/ucrro8a.pfb></usr/local/texlive/2022/texmf-d
ist/fonts/type1/urw/helvetic/uhvb8a.pfb></usr/local/texlive/2022/texmf-dist/fon
ts/type1/urw/helvetic/uhvb8ac.pfb></usr/local/texlive/2022/texmf-dist/fonts/typ
e1/urw/helvetic/uhvr8a.pfb></usr/local/texlive/2022/texmf-dist/fonts/type1/urw/
helvetic/uhvro8a.pfb>
Output written on refman.pdf (44 pages, 421906 bytes).
PDF statistics:
 1580 PDF objects out of 1728 (max. 8388607)
 1354 compressed objects within 14 object streams
 259 named destinations out of 1000 (max. 500000)
 853 words of extra memory for PDF output out of 10000 (max. 10000000)

